adsp_pls_add_lookup
remote_handle_close
remote_handle_invoke
remote_handle_open
adsp_addref_mmap
adsp_release_mmap
Adm_FastrpcSetParam
Adm_FastrpcGetParam
std_memscpy
std_memsmove
adsp_power_boost_on
adsp_power_boost_off
SigVerify_HaveTestRoot
HAP_debug_runtime
HAP_setFARFRuntimeLoggingParams
HAP_power_request
HAP_power_request_abs
HAP_power_get_max_speed
HAP_power_set
HAP_power_get
HAP_HVX_power_request
HAP_HVX_power_release
HAP_pls_add
HAP_pls_add_lookup
HAP_pls_lookup
HAP_get_chip_family_id
HAP_cx_free
HAP_cx_malloc
HAP_perf_get_time_us
HAP_perf_get_pcycles
HAP_debug
HAP_debug_v2
HAP_mem_set_grow_size
HAP_mem_get_stats
HAP_clear_registers
apps_mem_request_map
apps_mem_request_unmap
apps_mem_request_map64
apps_mem_request_unmap64
apps_mem_share_map
apps_mem_share_unmap
fastrpc_migrate_cpz
HAP_set_process_name